This is pdfTeX, Version 3.141592653-2.6-1.40.25 (TeX Live 2023/Debian) (preloaded format=pdflatex 2026.2.3)  18 APR 2026 17:21
entering extended mode
 restricted \write18 enabled.
 %&-line parsing enabled.
**main.tex
(./main.tex
LaTeX2e <2023-11-01> patch level 1
L3 programming layer <2024-01-22>
(/usr/share/texlive/texmf-dist/tex/latex/base/article.cls
Document Class: article 2023/05/17 v1.4n Standard LaTeX document class
(/usr/share/texlive/texmf-dist/tex/latex/base/size12.clo
File: size12.clo 2023/05/17 v1.4n Standard LaTeX file (size option)
)
\c@part=\count187
\c@section=\count188
\c@subsection=\count189
\c@subsubsection=\count190
\c@paragraph=\count191
\c@subparagraph=\count192
\c@figure=\count193
\c@table=\count194
\abovecaptionskip=\skip48
\belowcaptionskip=\skip49
\bibindent=\dimen140
)
(/usr/share/texlive/texmf-dist/tex/latex/base/inputenc.sty
Package: inputenc 2021/02/14 v1.3d Input encoding file
\inpenc@prehook=\toks17
\inpenc@posthook=\toks18
)
(/usr/share/texlive/texmf-dist/tex/latex/graphics/graphicx.sty
Package: graphicx 2021/09/16 v1.2d Enhanced LaTeX Graphics (DPC,SPQR)

(/usr/share/texlive/texmf-dist/tex/latex/graphics/keyval.sty
Package: keyval 2022/05/29 v1.15 key=value parser (DPC)
\KV@toks@=\toks19
)
(/usr/share/texlive/texmf-dist/tex/latex/graphics/graphics.sty
Package: graphics 2022/03/10 v1.4e Standard LaTeX Graphics (DPC,SPQR)

(/usr/share/texlive/texmf-dist/tex/latex/graphics/trig.sty
Package: trig 2021/08/11 v1.11 sin cos tan (DPC)
)
(/usr/share/texlive/texmf-dist/tex/latex/graphics-cfg/graphics.cfg
File: graphics.cfg 2016/06/04 v1.11 sample graphics configuration
)
Package graphics Info: Driver file: pdftex.def on input line 107.

(/usr/share/texlive/texmf-dist/tex/latex/graphics-def/pdftex.def
File: pdftex.def 2022/09/22 v1.2b Graphics/color driver for pdftex
))
\Gin@req@height=\dimen141
\Gin@req@width=\dimen142
)
(/usr/share/texlive/texmf-dist/tex/latex/listings/listings.sty
\lst@mode=\count195
\lst@gtempboxa=\box51
\lst@token=\toks20
\lst@length=\count196
\lst@currlwidth=\dimen143
\lst@column=\count197
\lst@pos=\count198
\lst@lostspace=\dimen144
\lst@width=\dimen145
\lst@newlines=\count199
\lst@lineno=\count266
\lst@maxwidth=\dimen146

(/usr/share/texlive/texmf-dist/tex/latex/listings/lstmisc.sty
File: lstmisc.sty 2023/02/27 1.9 (Carsten Heinz)
\c@lstnumber=\count267
\lst@skipnumbers=\count268
\lst@framebox=\box52
)
(/usr/share/texlive/texmf-dist/tex/latex/listings/listings.cfg
File: listings.cfg 2023/02/27 1.9 listings configuration
))
Package: listings 2023/02/27 1.9 (Carsten Heinz)

(/usr/share/texlive/texmf-dist/tex/latex/xcolor/xcolor.sty
Package: xcolor 2023/11/15 v3.01 LaTeX color extensions (UK)

(/usr/share/texlive/texmf-dist/tex/latex/graphics-cfg/color.cfg
File: color.cfg 2016/01/02 v1.6 sample color configuration
)
Package xcolor Info: Driver file: pdftex.def on input line 274.

(/usr/share/texlive/texmf-dist/tex/latex/graphics/mathcolor.ltx)
Package xcolor Info: Model `cmy' substituted by `cmy0' on input line 1350.
Package xcolor Info: Model `hsb' substituted by `rgb' on input line 1354.
Package xcolor Info: Model `RGB' extended on input line 1366.
Package xcolor Info: Model `HTML' substituted by `rgb' on input line 1368.
Package xcolor Info: Model `Hsb' substituted by `hsb' on input line 1369.
Package xcolor Info: Model `tHsb' substituted by `hsb' on input line 1370.
Package xcolor Info: Model `HSB' substituted by `hsb' on input line 1371.
Package xcolor Info: Model `Gray' substituted by `gray' on input line 1372.
Package xcolor Info: Model `wave' substituted by `hsb' on input line 1373.
)
(/usr/share/texlive/texmf-dist/tex/latex/fancyhdr/fancyhdr.sty
Package: fancyhdr 2022/11/09 v4.1 Extensive control of page headers and footers

\f@nch@headwidth=\skip50
\f@nch@O@elh=\skip51
\f@nch@O@erh=\skip52
\f@nch@O@olh=\skip53
\f@nch@O@orh=\skip54
\f@nch@O@elf=\skip55
\f@nch@O@erf=\skip56
\f@nch@O@olf=\skip57
\f@nch@O@orf=\skip58
)
(/usr/share/texlive/texmf-dist/tex/latex/geometry/geometry.sty
Package: geometry 2020/01/02 v5.9 Page Geometry

(/usr/share/texlive/texmf-dist/tex/generic/iftex/ifvtex.sty
Package: ifvtex 2019/10/25 v1.7 ifvtex legacy package. Use iftex instead.

(/usr/share/texlive/texmf-dist/tex/generic/iftex/iftex.sty
Package: iftex 2022/02/03 v1.0f TeX engine tests
))
\Gm@cnth=\count269
\Gm@cntv=\count270
\c@Gm@tempcnt=\count271
\Gm@bindingoffset=\dimen147
\Gm@wd@mp=\dimen148
\Gm@odd@mp=\dimen149
\Gm@even@mp=\dimen150
\Gm@layoutwidth=\dimen151
\Gm@layoutheight=\dimen152
\Gm@layouthoffset=\dimen153
\Gm@layoutvoffset=\dimen154
\Gm@dimlist=\toks21
)
(/usr/share/texlive/texmf-dist/tex/latex/titlesec/titlesec.sty
Package: titlesec 2023/10/27 v2.16 Sectioning titles
\ttl@box=\box53
\beforetitleunit=\skip59
\aftertitleunit=\skip60
\ttl@plus=\dimen155
\ttl@minus=\dimen156
\ttl@toksa=\toks22
\titlewidth=\dimen157
\titlewidthlast=\dimen158
\titlewidthfirst=\dimen159
)
(/usr/share/texlive/texmf-dist/tex/latex/caption/caption.sty
Package: caption 2023/08/05 v3.6o Customizing captions (AR)

(/usr/share/texlive/texmf-dist/tex/latex/caption/caption3.sty
Package: caption3 2023/07/31 v2.4d caption3 kernel (AR)
\caption@tempdima=\dimen160
\captionmargin=\dimen161
\caption@leftmargin=\dimen162
\caption@rightmargin=\dimen163
\caption@width=\dimen164
\caption@indent=\dimen165
\caption@parindent=\dimen166
\caption@hangindent=\dimen167
Package caption Info: Standard document class detected.
)
\c@caption@flags=\count272
\c@continuedfloat=\count273
Package caption Info: listings package is loaded.
)
(/usr/share/texlive/texmf-dist/tex/latex/l3backend/l3backend-pdftex.def
File: l3backend-pdftex.def 2024-01-04 L3 backend support: PDF output (pdfTeX)
\l__color_backend_stack_int=\count274
\l__pdf_internal_box=\box54
)
(./main.aux (./assets/experiment/experiment-01.aux)
(./assets/experiment/experiment-02.aux) (./assets/experiment/experiment-03.aux)
(./assets/experiment/experiment-04.aux) (./assets/experiment/experiment-05.aux)
(./assets/experiment/experiment-06.aux) (./assets/experiment/experiment-07.aux

LaTeX Warning: Label `fig:A-1-a-output' multiply defined.


LaTeX Warning: Label `fig:A-1-a-output' multiply defined.


LaTeX Warning: Label `fig:A-1-a-output' multiply defined.

) (./assets/experiment/experiment-08.aux)
(./assets/experiment/experiment-09.aux) (./assets/experiment/experiment-10.aux)
(./assets/experiment/experiment-11.aux) (./assets/experiment/experiment-12.aux)
(./assets/experiment/experiment-13.aux) (./assets/experiment/experiment-14.aux)
)
\openout1 = `main.aux'.

LaTeX Font Info:    Checking defaults for OML/cmm/m/it on input line 47.
LaTeX Font Info:    ... okay on input line 47.
LaTeX Font Info:    Checking defaults for OMS/cmsy/m/n on input line 47.
LaTeX Font Info:    ... okay on input line 47.
LaTeX Font Info:    Checking defaults for OT1/cmr/m/n on input line 47.
LaTeX Font Info:    ... okay on input line 47.
LaTeX Font Info:    Checking defaults for T1/cmr/m/n on input line 47.
LaTeX Font Info:    ... okay on input line 47.
LaTeX Font Info:    Checking defaults for TS1/cmr/m/n on input line 47.
LaTeX Font Info:    ... okay on input line 47.
LaTeX Font Info:    Checking defaults for OMX/cmex/m/n on input line 47.
LaTeX Font Info:    ... okay on input line 47.
LaTeX Font Info:    Checking defaults for U/cmr/m/n on input line 47.
LaTeX Font Info:    ... okay on input line 47.
 (/usr/share/texlive/texmf-dist/tex/context/base/mkii/supp-pdf.mkii
[Loading MPS to PDF converter (version 2006.09.02).]
\scratchcounter=\count275
\scratchdimen=\dimen168
\scratchbox=\box55
\nofMPsegments=\count276
\nofMParguments=\count277
\everyMPshowfont=\toks23
\MPscratchCnt=\count278
\MPscratchDim=\dimen169
\MPnumerator=\count279
\makeMPintoPDFobject=\count280
\everyMPtoPDFconversion=\toks24
) (/usr/share/texlive/texmf-dist/tex/latex/epstopdf-pkg/epstopdf-base.sty
Package: epstopdf-base 2020-01-24 v2.11 Base part for package epstopdf
Package epstopdf-base Info: Redefining graphics rule for `.eps' on input line 4
85.

(/usr/share/texlive/texmf-dist/tex/latex/latexconfig/epstopdf-sys.cfg
File: epstopdf-sys.cfg 2010/07/13 v1.3 Configuration of (r)epstopdf for TeX Liv
e
))
\c@lstlisting=\count281

*geometry* driver: auto-detecting
*geometry* detected driver: pdftex
*geometry* verbose mode - [ preamble ] result:
* driver: pdftex
* paper: a4paper
* layout: <same size as paper>
* layoutoffset:(h,v)=(0.0pt,0.0pt)
* modes: 
* h-part:(L,W,R)=(72.26999pt, 452.9679pt, 72.26999pt)
* v-part:(T,H,B)=(72.26999pt, 700.50687pt, 72.26999pt)
* \paperwidth=597.50787pt
* \paperheight=845.04684pt
* \textwidth=452.9679pt
* \textheight=700.50687pt
* \oddsidemargin=0.0pt
* \evensidemargin=0.0pt
* \topmargin=-37.0pt
* \headheight=12.0pt
* \headsep=25.0pt
* \topskip=12.0pt
* \footskip=30.0pt
* \marginparwidth=35.0pt
* \marginparsep=10.0pt
* \columnsep=10.0pt
* \skip\footins=10.8pt plus 4.0pt minus 2.0pt
* \hoffset=0.0pt
* \voffset=0.0pt
* \mag=1000
* \@twocolumnfalse
* \@twosidefalse
* \@mparswitchfalse
* \@reversemarginfalse
* (1in=72.27pt=25.4mm, 1cm=28.453pt)

Package caption Info: Begin \AtBeginDocument code.
Package caption Info: End \AtBeginDocument code.
<assets/img/default/nitjsr-banner.png, id=1, 406.51875pt x 90.3375pt>
File: assets/img/default/nitjsr-banner.png Graphic file (type png)
<use assets/img/default/nitjsr-banner.png>
Package pdftex.def Info: assets/img/default/nitjsr-banner.png  used on input li
ne 70.
(pdftex.def)             Requested size: 452.9679pt x 100.66313pt.
LaTeX Font Info:    External font `cmex10' loaded for size
(Font)              <14.4> on input line 70.
LaTeX Font Info:    External font `cmex10' loaded for size
(Font)              <7> on input line 70.
Package epstopdf Info: Source file: <assets/img/default/nitjsr-logo.eps>
(epstopdf)                    date: 2026-04-09 18:58:34
(epstopdf)                    size: 30435 bytes
(epstopdf)             Output file: <assets/img/default/nitjsr-logo-eps-convert
ed-to.pdf>
(epstopdf)                    date: 2026-04-10 00:29:55
(epstopdf)                    size: 23969 bytes
(epstopdf)             Command: <repstopdf --outfile=assets/img/default/nitjsr-
logo-eps-converted-to.pdf assets/img/default/nitjsr-logo.eps>
(epstopdf)             \includegraphics on input line 76.
Package epstopdf Info: Output file is already uptodate.
<assets/img/default/nitjsr-logo-eps-converted-to.pdf, id=3, 161.60374pt x 194.7
275pt>
File: assets/img/default/nitjsr-logo-eps-converted-to.pdf Graphic file (type pd
f)
<use assets/img/default/nitjsr-logo-eps-converted-to.pdf>
Package pdftex.def Info: assets/img/default/nitjsr-logo-eps-converted-to.pdf  u
sed on input line 76.
(pdftex.def)             Requested size: 56.67065pt x 68.28644pt.
[1

{/var/lib/texmf/fonts/map/pdftex/updmap/pdftex.map} <./assets/img/default/nitjs
r-banner.png> <./assets/img/default/nitjsr-logo-eps-converted-to.pdf>]
\openout2 = `assets/experiment/experiment-01.aux'.


(./assets/experiment/experiment-01.tex
(/usr/share/texlive/texmf-dist/tex/latex/listings/lstlang1.sty
File: lstlang1.sty 2023/02/27 1.9 listings language file
)
LaTeX Font Info:    Font shape `OT1/cmtt/bx/n' in size <10.95> not available
(Font)              Font shape `OT1/cmtt/m/n' tried instead on input line 9.


Package fancyhdr Warning: \headheight is too small (12.0pt): 
(fancyhdr)                Make it at least 14.49998pt, for example:
(fancyhdr)                \setlength{\headheight}{14.49998pt}.
(fancyhdr)                You might also make \topmargin smaller to compensate:

(fancyhdr)                \addtolength{\topmargin}{-2.49998pt}.

[1

]

Package fancyhdr Warning: \headheight is too small (12.0pt): 
(fancyhdr)                Make it at least 14.49998pt, for example:
(fancyhdr)                \setlength{\headheight}{14.49998pt}.
(fancyhdr)                You might also make \topmargin smaller to compensate:

(fancyhdr)                \addtolength{\topmargin}{-2.49998pt}.

[2]

Package fancyhdr Warning: \headheight is too small (12.0pt): 
(fancyhdr)                Make it at least 14.49998pt, for example:
(fancyhdr)                \setlength{\headheight}{14.49998pt}.
(fancyhdr)                You might also make \topmargin smaller to compensate:

(fancyhdr)                \addtolength{\topmargin}{-2.49998pt}.

[3]

Package fancyhdr Warning: \headheight is too small (12.0pt): 
(fancyhdr)                Make it at least 14.49998pt, for example:
(fancyhdr)                \setlength{\headheight}{14.49998pt}.
(fancyhdr)                You might also make \topmargin smaller to compensate:

(fancyhdr)                \addtolength{\topmargin}{-2.49998pt}.

[4]
<assets/img/experiment-01/output.png, id=28, 2157.05875pt x 497.86pt>
File: assets/img/experiment-01/output.png Graphic file (type png)
<use assets/img/experiment-01/output.png>
Package pdftex.def Info: assets/img/experiment-01/output.png  used on input lin
e 218.
(pdftex.def)             Requested size: 452.9679pt x 104.54608pt.


Package fancyhdr Warning: \headheight is too small (12.0pt): 
(fancyhdr)                Make it at least 14.49998pt, for example:
(fancyhdr)                \setlength{\headheight}{14.49998pt}.
(fancyhdr)                You might also make \topmargin smaller to compensate:

(fancyhdr)                \addtolength{\topmargin}{-2.49998pt}.

[5 <./assets/img/experiment-01/output.png (PNG copy)>])
\openout2 = `assets/experiment/experiment-02.aux'.


(./assets/experiment/experiment-02.tex

Package fancyhdr Warning: \headheight is too small (12.0pt): 
(fancyhdr)                Make it at least 14.49998pt, for example:
(fancyhdr)                \setlength{\headheight}{14.49998pt}.
(fancyhdr)                You might also make \topmargin smaller to compensate:

(fancyhdr)                \addtolength{\topmargin}{-2.49998pt}.

[6



]

Package fancyhdr Warning: \headheight is too small (12.0pt): 
(fancyhdr)                Make it at least 14.49998pt, for example:
(fancyhdr)                \setlength{\headheight}{14.49998pt}.
(fancyhdr)                You might also make \topmargin smaller to compensate:

(fancyhdr)                \addtolength{\topmargin}{-2.49998pt}.

[7]

Package fancyhdr Warning: \headheight is too small (12.0pt): 
(fancyhdr)                Make it at least 14.49998pt, for example:
(fancyhdr)                \setlength{\headheight}{14.49998pt}.
(fancyhdr)                You might also make \topmargin smaller to compensate:

(fancyhdr)                \addtolength{\topmargin}{-2.49998pt}.

[8]
<assets/img/experiment-02/output.png, id=42, 1370.11874pt x 770.88pt>
File: assets/img/experiment-02/output.png Graphic file (type png)
<use assets/img/experiment-02/output.png>
Package pdftex.def Info: assets/img/experiment-02/output.png  used on input lin
e 203.
(pdftex.def)             Requested size: 452.9679pt x 254.84993pt.


Package fancyhdr Warning: \headheight is too small (12.0pt): 
(fancyhdr)                Make it at least 14.49998pt, for example:
(fancyhdr)                \setlength{\headheight}{14.49998pt}.
(fancyhdr)                You might also make \topmargin smaller to compensate:

(fancyhdr)                \addtolength{\topmargin}{-2.49998pt}.

[9]

Package fancyhdr Warning: \headheight is too small (12.0pt): 
(fancyhdr)                Make it at least 14.49998pt, for example:
(fancyhdr)                \setlength{\headheight}{14.49998pt}.
(fancyhdr)                You might also make \topmargin smaller to compensate:

(fancyhdr)                \addtolength{\topmargin}{-2.49998pt}.

[10 <./assets/img/experiment-02/output.png (PNG copy)>])
\openout2 = `assets/experiment/experiment-03.aux'.


(./assets/experiment/experiment-03.tex

Package fancyhdr Warning: \headheight is too small (12.0pt): 
(fancyhdr)                Make it at least 14.49998pt, for example:
(fancyhdr)                \setlength{\headheight}{14.49998pt}.
(fancyhdr)                You might also make \topmargin smaller to compensate:

(fancyhdr)                \addtolength{\topmargin}{-2.49998pt}.

[11



]

Package fancyhdr Warning: \headheight is too small (12.0pt): 
(fancyhdr)                Make it at least 14.49998pt, for example:
(fancyhdr)                \setlength{\headheight}{14.49998pt}.
(fancyhdr)                You might also make \topmargin smaller to compensate:

(fancyhdr)                \addtolength{\topmargin}{-2.49998pt}.

[12]

Package fancyhdr Warning: \headheight is too small (12.0pt): 
(fancyhdr)                Make it at least 14.49998pt, for example:
(fancyhdr)                \setlength{\headheight}{14.49998pt}.
(fancyhdr)                You might also make \topmargin smaller to compensate:

(fancyhdr)                \addtolength{\topmargin}{-2.49998pt}.

[13]

Package fancyhdr Warning: \headheight is too small (12.0pt): 
(fancyhdr)                Make it at least 14.49998pt, for example:
(fancyhdr)                \setlength{\headheight}{14.49998pt}.
(fancyhdr)                You might also make \topmargin smaller to compensate:

(fancyhdr)                \addtolength{\topmargin}{-2.49998pt}.

[14]

Package fancyhdr Warning: \headheight is too small (12.0pt): 
(fancyhdr)                Make it at least 14.49998pt, for example:
(fancyhdr)                \setlength{\headheight}{14.49998pt}.
(fancyhdr)                You might also make \topmargin smaller to compensate:

(fancyhdr)                \addtolength{\topmargin}{-2.49998pt}.

[15]
<assets/img/experiment-03/output.png, id=65, 1370.11874pt x 770.88pt>
File: assets/img/experiment-03/output.png Graphic file (type png)
<use assets/img/experiment-03/output.png>
Package pdftex.def Info: assets/img/experiment-03/output.png  used on input lin
e 288.
(pdftex.def)             Requested size: 452.9679pt x 254.84993pt.


LaTeX Warning: `h' float specifier changed to `ht'.


Package fancyhdr Warning: \headheight is too small (12.0pt): 
(fancyhdr)                Make it at least 14.49998pt, for example:
(fancyhdr)                \setlength{\headheight}{14.49998pt}.
(fancyhdr)                You might also make \topmargin smaller to compensate:

(fancyhdr)                \addtolength{\topmargin}{-2.49998pt}.

[16])

Package fancyhdr Warning: \headheight is too small (12.0pt): 
(fancyhdr)                Make it at least 14.49998pt, for example:
(fancyhdr)                \setlength{\headheight}{14.49998pt}.
(fancyhdr)                You might also make \topmargin smaller to compensate:

(fancyhdr)                \addtolength{\topmargin}{-2.49998pt}.

[17 <./assets/img/experiment-03/output.png (PNG copy)>]
\openout2 = `assets/experiment/experiment-04.aux'.


(./assets/experiment/experiment-04.tex

Package fancyhdr Warning: \headheight is too small (12.0pt): 
(fancyhdr)                Make it at least 14.49998pt, for example:
(fancyhdr)                \setlength{\headheight}{14.49998pt}.
(fancyhdr)                You might also make \topmargin smaller to compensate:

(fancyhdr)                \addtolength{\topmargin}{-2.49998pt}.

[18



]

Package fancyhdr Warning: \headheight is too small (12.0pt): 
(fancyhdr)                Make it at least 14.49998pt, for example:
(fancyhdr)                \setlength{\headheight}{14.49998pt}.
(fancyhdr)                You might also make \topmargin smaller to compensate:

(fancyhdr)                \addtolength{\topmargin}{-2.49998pt}.

[19]

Package fancyhdr Warning: \headheight is too small (12.0pt): 
(fancyhdr)                Make it at least 14.49998pt, for example:
(fancyhdr)                \setlength{\headheight}{14.49998pt}.
(fancyhdr)                You might also make \topmargin smaller to compensate:

(fancyhdr)                \addtolength{\topmargin}{-2.49998pt}.

[20]

Package fancyhdr Warning: \headheight is too small (12.0pt): 
(fancyhdr)                Make it at least 14.49998pt, for example:
(fancyhdr)                \setlength{\headheight}{14.49998pt}.
(fancyhdr)                You might also make \topmargin smaller to compensate:

(fancyhdr)                \addtolength{\topmargin}{-2.49998pt}.

[21]

Package fancyhdr Warning: \headheight is too small (12.0pt): 
(fancyhdr)                Make it at least 14.49998pt, for example:
(fancyhdr)                \setlength{\headheight}{14.49998pt}.
(fancyhdr)                You might also make \topmargin smaller to compensate:

(fancyhdr)                \addtolength{\topmargin}{-2.49998pt}.

[22]

Package fancyhdr Warning: \headheight is too small (12.0pt): 
(fancyhdr)                Make it at least 14.49998pt, for example:
(fancyhdr)                \setlength{\headheight}{14.49998pt}.
(fancyhdr)                You might also make \topmargin smaller to compensate:

(fancyhdr)                \addtolength{\topmargin}{-2.49998pt}.

[23]
<assets/img/experiment-04/output.png, id=91, 1381.16pt x 770.88pt>
File: assets/img/experiment-04/output.png Graphic file (type png)
<use assets/img/experiment-04/output.png>
Package pdftex.def Info: assets/img/experiment-04/output.png  used on input lin
e 294.
(pdftex.def)             Requested size: 452.9679pt x 252.81499pt.


Package fancyhdr Warning: \headheight is too small (12.0pt): 
(fancyhdr)                Make it at least 14.49998pt, for example:
(fancyhdr)                \setlength{\headheight}{14.49998pt}.
(fancyhdr)                You might also make \topmargin smaller to compensate:

(fancyhdr)                \addtolength{\topmargin}{-2.49998pt}.

[24 <./assets/img/experiment-04/output.png (PNG copy)>])
\openout2 = `assets/experiment/experiment-05.aux'.


(./assets/experiment/experiment-05.tex
<assets/img/experiment-05/output-01-interface.png, id=96, 1927.2pt x 1084.05pt>

File: assets/img/experiment-05/output-01-interface.png Graphic file (type png)
<use assets/img/experiment-05/output-01-interface.png>
Package pdftex.def Info: assets/img/experiment-05/output-01-interface.png  used
 on input line 11.
(pdftex.def)             Requested size: 452.9679pt x 254.78487pt.
<assets/img/experiment-05/output-02-packet-capturing.png, id=97, 1927.2pt x 108
4.05pt>
File: assets/img/experiment-05/output-02-packet-capturing.png Graphic file (typ
e png)
<use assets/img/experiment-05/output-02-packet-capturing.png>
Package pdftex.def Info: assets/img/experiment-05/output-02-packet-capturing.pn
g  used on input line 18.
(pdftex.def)             Requested size: 452.9679pt x 254.78487pt.


LaTeX Warning: `h' float specifier changed to `ht'.

<assets/img/experiment-05/output-03-tcp-filter.png, id=98, 1927.2pt x 1084.05pt
>
File: assets/img/experiment-05/output-03-tcp-filter.png Graphic file (type png)

<use assets/img/experiment-05/output-03-tcp-filter.png>
Package pdftex.def Info: assets/img/experiment-05/output-03-tcp-filter.png  use
d on input line 25.
(pdftex.def)             Requested size: 452.9679pt x 254.78487pt.

LaTeX Warning: `h' float specifier changed to `ht'.

<assets/img/experiment-05/output-04-udp-filter.png, id=99, 1927.2pt x 1084.05pt
>
File: assets/img/experiment-05/output-04-udp-filter.png Graphic file (type png)

<use assets/img/experiment-05/output-04-udp-filter.png>
Package pdftex.def Info: assets/img/experiment-05/output-04-udp-filter.png  use
d on input line 32.
(pdftex.def)             Requested size: 452.9679pt x 254.78487pt.

LaTeX Warning: `h' float specifier changed to `ht'.

<assets/img/experiment-05/output-05-dns-filter.png, id=100, 1927.2pt x 1084.05p
t>
File: assets/img/experiment-05/output-05-dns-filter.png Graphic file (type png)

<use assets/img/experiment-05/output-05-dns-filter.png>
Package pdftex.def Info: assets/img/experiment-05/output-05-dns-filter.png  use
d on input line 39.
(pdftex.def)             Requested size: 452.9679pt x 254.78487pt.

LaTeX Warning: `h' float specifier changed to `ht'.

<assets/img/experiment-05/output-06-statistics-ethernet.png, id=101, 1927.2pt x
 1084.05pt>
File: assets/img/experiment-05/output-06-statistics-ethernet.png Graphic file (
type png)
<use assets/img/experiment-05/output-06-statistics-ethernet.png>
Package pdftex.def Info: assets/img/experiment-05/output-06-statistics-ethernet
.png  used on input line 46.
(pdftex.def)             Requested size: 452.9679pt x 254.78487pt.

LaTeX Warning: `h' float specifier changed to `ht'.

<assets/img/experiment-05/output-07-statistics-ipv4.png, id=102, 1927.2pt x 108
4.05pt>
File: assets/img/experiment-05/output-07-statistics-ipv4.png Graphic file (type
 png)
<use assets/img/experiment-05/output-07-statistics-ipv4.png>
Package pdftex.def Info: assets/img/experiment-05/output-07-statistics-ipv4.png
  used on input line 53.
(pdftex.def)             Requested size: 452.9679pt x 254.78487pt.

LaTeX Warning: `h' float specifier changed to `ht'.

<assets/img/experiment-05/output-08-statistics-ipv6.png, id=103, 1927.2pt x 108
4.05pt>
File: assets/img/experiment-05/output-08-statistics-ipv6.png Graphic file (type
 png)
<use assets/img/experiment-05/output-08-statistics-ipv6.png>
Package pdftex.def Info: assets/img/experiment-05/output-08-statistics-ipv6.png
  used on input line 60.
(pdftex.def)             Requested size: 452.9679pt x 254.78487pt.

LaTeX Warning: `h' float specifier changed to `ht'.

<assets/img/experiment-05/output-09-statistics-tcp.png, id=104, 1927.2pt x 1084
.05pt>
File: assets/img/experiment-05/output-09-statistics-tcp.png Graphic file (type 
png)
<use assets/img/experiment-05/output-09-statistics-tcp.png>
Package pdftex.def Info: assets/img/experiment-05/output-09-statistics-tcp.png 
 used on input line 67.
(pdftex.def)             Requested size: 452.9679pt x 254.78487pt.

LaTeX Warning: `h' float specifier changed to `ht'.

<assets/img/experiment-05/output-10-statistics-udp.png, id=105, 1927.2pt x 1084
.05pt>
File: assets/img/experiment-05/output-10-statistics-udp.png Graphic file (type 
png)
<use assets/img/experiment-05/output-10-statistics-udp.png>
Package pdftex.def Info: assets/img/experiment-05/output-10-statistics-udp.png 
 used on input line 74.
(pdftex.def)             Requested size: 452.9679pt x 254.78487pt.

LaTeX Warning: `h' float specifier changed to `ht'.


Package fancyhdr Warning: \headheight is too small (12.0pt): 
(fancyhdr)                Make it at least 14.49998pt, for example:
(fancyhdr)                \setlength{\headheight}{14.49998pt}.
(fancyhdr)                You might also make \topmargin smaller to compensate:

(fancyhdr)                \addtolength{\topmargin}{-2.49998pt}.

[25



 <./assets/img/experiment-05/output-01-interface.png>])

Package fancyhdr Warning: \headheight is too small (12.0pt): 
(fancyhdr)                Make it at least 14.49998pt, for example:
(fancyhdr)                \setlength{\headheight}{14.49998pt}.
(fancyhdr)                You might also make \topmargin smaller to compensate:

(fancyhdr)                \addtolength{\topmargin}{-2.49998pt}.

[26 <./assets/img/experiment-05/output-02-packet-capturing.png> <./assets/img/e
xperiment-05/output-03-tcp-filter.png>]

Package fancyhdr Warning: \headheight is too small (12.0pt): 
(fancyhdr)                Make it at least 14.49998pt, for example:
(fancyhdr)                \setlength{\headheight}{14.49998pt}.
(fancyhdr)                You might also make \topmargin smaller to compensate:

(fancyhdr)                \addtolength{\topmargin}{-2.49998pt}.

[27 <./assets/img/experiment-05/output-04-udp-filter.png> <./assets/img/experim
ent-05/output-05-dns-filter.png>]

Package fancyhdr Warning: \headheight is too small (12.0pt): 
(fancyhdr)                Make it at least 14.49998pt, for example:
(fancyhdr)                \setlength{\headheight}{14.49998pt}.
(fancyhdr)                You might also make \topmargin smaller to compensate:

(fancyhdr)                \addtolength{\topmargin}{-2.49998pt}.

[28 <./assets/img/experiment-05/output-06-statistics-ethernet.png> <./assets/im
g/experiment-05/output-07-statistics-ipv4.png>]

Package fancyhdr Warning: \headheight is too small (12.0pt): 
(fancyhdr)                Make it at least 14.49998pt, for example:
(fancyhdr)                \setlength{\headheight}{14.49998pt}.
(fancyhdr)                You might also make \topmargin smaller to compensate:

(fancyhdr)                \addtolength{\topmargin}{-2.49998pt}.

[29 <./assets/img/experiment-05/output-08-statistics-ipv6.png> <./assets/img/ex
periment-05/output-09-statistics-tcp.png>]

Package fancyhdr Warning: \headheight is too small (12.0pt): 
(fancyhdr)                Make it at least 14.49998pt, for example:
(fancyhdr)                \setlength{\headheight}{14.49998pt}.
(fancyhdr)                You might also make \topmargin smaller to compensate:

(fancyhdr)                \addtolength{\topmargin}{-2.49998pt}.

[30 <./assets/img/experiment-05/output-10-statistics-udp.png>]
\openout2 = `assets/experiment/experiment-06.aux'.


(./assets/experiment/experiment-06.tex
<assets/img/experiment-06/output-01-interface-list.png, id=135, 1927.2pt x 1084
.05pt>
File: assets/img/experiment-06/output-01-interface-list.png Graphic file (type 
png)
<use assets/img/experiment-06/output-01-interface-list.png>
Package pdftex.def Info: assets/img/experiment-06/output-01-interface-list.png 
 used on input line 11.
(pdftex.def)             Requested size: 452.9679pt x 254.78487pt.
<assets/img/experiment-06/output-02-trafic-through-interface.png, id=136, 1927.
2pt x 1084.05pt>
File: assets/img/experiment-06/output-02-trafic-through-interface.png Graphic f
ile (type png)
<use assets/img/experiment-06/output-02-trafic-through-interface.png>
Package pdftex.def Info: assets/img/experiment-06/output-02-trafic-through-inte
rface.png  used on input line 18.
(pdftex.def)             Requested size: 452.9679pt x 254.78487pt.


LaTeX Warning: `h' float specifier changed to `ht'.

<assets/img/experiment-06/output-03-packet-capture.png, id=137, 1927.2pt x 1084
.05pt>
File: assets/img/experiment-06/output-03-packet-capture.png Graphic file (type 
png)
<use assets/img/experiment-06/output-03-packet-capture.png>
Package pdftex.def Info: assets/img/experiment-06/output-03-packet-capture.png 
 used on input line 25.
(pdftex.def)             Requested size: 452.9679pt x 254.78487pt.

LaTeX Warning: `h' float specifier changed to `ht'.

<assets/img/experiment-06/output-04-traffic-through-port.png, id=138, 1927.2pt 
x 1084.05pt>
File: assets/img/experiment-06/output-04-traffic-through-port.png Graphic file 
(type png)
<use assets/img/experiment-06/output-04-traffic-through-port.png>
Package pdftex.def Info: assets/img/experiment-06/output-04-traffic-through-por
t.png  used on input line 32.
(pdftex.def)             Requested size: 452.9679pt x 254.78487pt.

LaTeX Warning: `h' float specifier changed to `ht'.

<assets/img/experiment-06/output-05-traffic-to-destination.png, id=139, 1927.2p
t x 1084.05pt>
File: assets/img/experiment-06/output-05-traffic-to-destination.png Graphic fil
e (type png)
<use assets/img/experiment-06/output-05-traffic-to-destination.png>
Package pdftex.def Info: assets/img/experiment-06/output-05-traffic-to-destinat
ion.png  used on input line 39.
(pdftex.def)             Requested size: 452.9679pt x 254.78487pt.

LaTeX Warning: `h' float specifier changed to `ht'.


Package fancyhdr Warning: \headheight is too small (12.0pt): 
(fancyhdr)                Make it at least 14.49998pt, for example:
(fancyhdr)                \setlength{\headheight}{14.49998pt}.
(fancyhdr)                You might also make \topmargin smaller to compensate:

(fancyhdr)                \addtolength{\topmargin}{-2.49998pt}.

[31



 <./assets/img/experiment-06/output-01-interface-list.png>])

Package fancyhdr Warning: \headheight is too small (12.0pt): 
(fancyhdr)                Make it at least 14.49998pt, for example:
(fancyhdr)                \setlength{\headheight}{14.49998pt}.
(fancyhdr)                You might also make \topmargin smaller to compensate:

(fancyhdr)                \addtolength{\topmargin}{-2.49998pt}.

[32 <./assets/img/experiment-06/output-02-trafic-through-interface.png> <./asse
ts/img/experiment-06/output-03-packet-capture.png>]

Package fancyhdr Warning: \headheight is too small (12.0pt): 
(fancyhdr)                Make it at least 14.49998pt, for example:
(fancyhdr)                \setlength{\headheight}{14.49998pt}.
(fancyhdr)                You might also make \topmargin smaller to compensate:

(fancyhdr)                \addtolength{\topmargin}{-2.49998pt}.

[33 <./assets/img/experiment-06/output-04-traffic-through-port.png> <./assets/i
mg/experiment-06/output-05-traffic-to-destination.png>]
\openout2 = `assets/experiment/experiment-07.aux'.


(./assets/experiment/experiment-07.tex
<assets/img/experiment-07/output-01.png, id=154, 981.6675pt x 645.41125pt>
File: assets/img/experiment-07/output-01.png Graphic file (type png)
<use assets/img/experiment-07/output-01.png>
Package pdftex.def Info: assets/img/experiment-07/output-01.png  used on input 
line 54.
(pdftex.def)             Requested size: 452.9679pt x 297.80865pt.


Package fancyhdr Warning: \headheight is too small (12.0pt): 
(fancyhdr)                Make it at least 14.49998pt, for example:
(fancyhdr)                \setlength{\headheight}{14.49998pt}.
(fancyhdr)                You might also make \topmargin smaller to compensate:

(fancyhdr)                \addtolength{\topmargin}{-2.49998pt}.

[34



]
<assets/img/experiment-07/output-02.png, id=158, 981.6675pt x 645.41125pt>
File: assets/img/experiment-07/output-02.png Graphic file (type png)
<use assets/img/experiment-07/output-02.png>
Package pdftex.def Info: assets/img/experiment-07/output-02.png  used on input 
line 61.
(pdftex.def)             Requested size: 452.9679pt x 297.80865pt.


LaTeX Warning: `h' float specifier changed to `ht'.

<assets/img/experiment-07/output-03.png, id=159, 981.6675pt x 645.41125pt>
File: assets/img/experiment-07/output-03.png Graphic file (type png)
<use assets/img/experiment-07/output-03.png>
Package pdftex.def Info: assets/img/experiment-07/output-03.png  used on input 
line 68.
(pdftex.def)             Requested size: 452.9679pt x 297.80865pt.

LaTeX Warning: `h' float specifier changed to `ht'.


Package fancyhdr Warning: \headheight is too small (12.0pt): 
(fancyhdr)                Make it at least 14.49998pt, for example:
(fancyhdr)                \setlength{\headheight}{14.49998pt}.
(fancyhdr)                You might also make \topmargin smaller to compensate:

(fancyhdr)                \addtolength{\topmargin}{-2.49998pt}.

[35 <./assets/img/experiment-07/output-01.png>])

Package fancyhdr Warning: \headheight is too small (12.0pt): 
(fancyhdr)                Make it at least 14.49998pt, for example:
(fancyhdr)                \setlength{\headheight}{14.49998pt}.
(fancyhdr)                You might also make \topmargin smaller to compensate:

(fancyhdr)                \addtolength{\topmargin}{-2.49998pt}.

[36 <./assets/img/experiment-07/output-02.png> <./assets/img/experiment-07/outp
ut-03.png>]
\openout2 = `assets/experiment/experiment-08.aux'.

 (./assets/experiment/experiment-08.tex
<assets/img/experiment-08/output.png, id=170, 1408.26125pt x 770.88pt>
File: assets/img/experiment-08/output.png Graphic file (type png)
<use assets/img/experiment-08/output.png>
Package pdftex.def Info: assets/img/experiment-08/output.png  used on input lin
e 11.
(pdftex.def)             Requested size: 452.9679pt x 247.94525pt.


Package fancyhdr Warning: \headheight is too small (12.0pt): 
(fancyhdr)                Make it at least 14.49998pt, for example:
(fancyhdr)                \setlength{\headheight}{14.49998pt}.
(fancyhdr)                You might also make \topmargin smaller to compensate:

(fancyhdr)                \addtolength{\topmargin}{-2.49998pt}.

[37



 <./assets/img/experiment-08/output.png (PNG copy)>])
\openout2 = `assets/experiment/experiment-09.aux'.


(./assets/experiment/experiment-09.tex
<assets/img/experiment-09/output-01-root-key-and-certificate-for-ca.png, id=174
, 1927.2pt x 1084.05pt>
File: assets/img/experiment-09/output-01-root-key-and-certificate-for-ca.png Gr
aphic file (type png)
<use assets/img/experiment-09/output-01-root-key-and-certificate-for-ca.png>
Package pdftex.def Info: assets/img/experiment-09/output-01-root-key-and-certif
icate-for-ca.png  used on input line 11.
(pdftex.def)             Requested size: 452.9679pt x 254.78487pt.
<assets/img/experiment-09/output-02-private-key-and-csr-for-user.png, id=175, 1
370.11874pt x 770.88pt>
File: assets/img/experiment-09/output-02-private-key-and-csr-for-user.png Graph
ic file (type png)
<use assets/img/experiment-09/output-02-private-key-and-csr-for-user.png>
Package pdftex.def Info: assets/img/experiment-09/output-02-private-key-and-csr
-for-user.png  used on input line 18.
(pdftex.def)             Requested size: 452.9679pt x 254.84993pt.


LaTeX Warning: `h' float specifier changed to `ht'.

<assets/img/experiment-09/output-03-ca-signing-csr-of-user.png, id=176, 1370.11
874pt x 770.88pt>
File: assets/img/experiment-09/output-03-ca-signing-csr-of-user.png Graphic fil
e (type png)
<use assets/img/experiment-09/output-03-ca-signing-csr-of-user.png>
Package pdftex.def Info: assets/img/experiment-09/output-03-ca-signing-csr-of-u
ser.png  used on input line 25.
(pdftex.def)             Requested size: 452.9679pt x 254.84993pt.

LaTeX Warning: `h' float specifier changed to `ht'.

<assets/img/experiment-09/output-04-user-certificate.png, id=177, 1370.11874pt 
x 770.88pt>
File: assets/img/experiment-09/output-04-user-certificate.png Graphic file (typ
e png)
<use assets/img/experiment-09/output-04-user-certificate.png>
Package pdftex.def Info: assets/img/experiment-09/output-04-user-certificate.pn
g  used on input line 32.
(pdftex.def)             Requested size: 452.9679pt x 254.84993pt.

LaTeX Warning: `h' float specifier changed to `ht'.


Package fancyhdr Warning: \headheight is too small (12.0pt): 
(fancyhdr)                Make it at least 14.49998pt, for example:
(fancyhdr)                \setlength{\headheight}{14.49998pt}.
(fancyhdr)                You might also make \topmargin smaller to compensate:

(fancyhdr)                \addtolength{\topmargin}{-2.49998pt}.

[38



 <./assets/img/experiment-09/output-01-root-key-and-certificate-for-ca.png>])

Package fancyhdr Warning: \headheight is too small (12.0pt): 
(fancyhdr)                Make it at least 14.49998pt, for example:
(fancyhdr)                \setlength{\headheight}{14.49998pt}.
(fancyhdr)                You might also make \topmargin smaller to compensate:

(fancyhdr)                \addtolength{\topmargin}{-2.49998pt}.

[39 <./assets/img/experiment-09/output-02-private-key-and-csr-for-user.png (PNG
 copy)> <./assets/img/experiment-09/output-03-ca-signing-csr-of-user.png (PNG c
opy)>]

Package fancyhdr Warning: \headheight is too small (12.0pt): 
(fancyhdr)                Make it at least 14.49998pt, for example:
(fancyhdr)                \setlength{\headheight}{14.49998pt}.
(fancyhdr)                You might also make \topmargin smaller to compensate:

(fancyhdr)                \addtolength{\topmargin}{-2.49998pt}.

[40 <./assets/img/experiment-09/output-04-user-certificate.png (PNG copy)>]
\openout2 = `assets/experiment/experiment-10.aux'.


(./assets/experiment/experiment-10.tex
<assets/img/experiment-10/output-certificate-verification.png, id=188, 1927.2pt
 x 1084.05pt>
File: assets/img/experiment-10/output-certificate-verification.png Graphic file
 (type png)
<use assets/img/experiment-10/output-certificate-verification.png>
Package pdftex.def Info: assets/img/experiment-10/output-certificate-verificati
on.png  used on input line 11.
(pdftex.def)             Requested size: 452.9679pt x 254.78487pt.


Package fancyhdr Warning: \headheight is too small (12.0pt): 
(fancyhdr)                Make it at least 14.49998pt, for example:
(fancyhdr)                \setlength{\headheight}{14.49998pt}.
(fancyhdr)                You might also make \topmargin smaller to compensate:

(fancyhdr)                \addtolength{\topmargin}{-2.49998pt}.

[41



 <./assets/img/experiment-10/output-certificate-verification.png>])
\openout2 = `assets/experiment/experiment-11.aux'.


(./assets/experiment/experiment-11.tex
<assets/img/experiment-11/output-01-certificate-for-server.png, id=193, 1927.2p
t x 1084.05pt>
File: assets/img/experiment-11/output-01-certificate-for-server.png Graphic fil
e (type png)
<use assets/img/experiment-11/output-01-certificate-for-server.png>
Package pdftex.def Info: assets/img/experiment-11/output-01-certificate-for-ser
ver.png  used on input line 11.
(pdftex.def)             Requested size: 452.9679pt x 254.78487pt.
<assets/img/experiment-11/output-02-running-tls-server.png, id=194, 1927.2pt x 
1084.05pt>
File: assets/img/experiment-11/output-02-running-tls-server.png Graphic file (t
ype png)
<use assets/img/experiment-11/output-02-running-tls-server.png>
Package pdftex.def Info: assets/img/experiment-11/output-02-running-tls-server.
png  used on input line 18.
(pdftex.def)             Requested size: 452.9679pt x 254.78487pt.


LaTeX Warning: `h' float specifier changed to `ht'.

<assets/img/experiment-11/output-03-connecting-through-client.png, id=195, 1927
.2pt x 1084.05pt>
File: assets/img/experiment-11/output-03-connecting-through-client.png Graphic 
file (type png)
<use assets/img/experiment-11/output-03-connecting-through-client.png>
Package pdftex.def Info: assets/img/experiment-11/output-03-connecting-through-
client.png  used on input line 25.
(pdftex.def)             Requested size: 452.9679pt x 254.78487pt.

LaTeX Warning: `h' float specifier changed to `ht'.

<assets/img/experiment-11/output-04-session-ticket.png, id=196, 1927.2pt x 1084
.05pt>
File: assets/img/experiment-11/output-04-session-ticket.png Graphic file (type 
png)
<use assets/img/experiment-11/output-04-session-ticket.png>
Package pdftex.def Info: assets/img/experiment-11/output-04-session-ticket.png 
 used on input line 32.
(pdftex.def)             Requested size: 452.9679pt x 254.78487pt.

LaTeX Warning: `h' float specifier changed to `ht'.

<assets/img/experiment-11/output-05-message-exchange-01.png, id=197, 1927.2pt x
 1084.05pt>
File: assets/img/experiment-11/output-05-message-exchange-01.png Graphic file (
type png)
<use assets/img/experiment-11/output-05-message-exchange-01.png>
Package pdftex.def Info: assets/img/experiment-11/output-05-message-exchange-01
.png  used on input line 39.
(pdftex.def)             Requested size: 452.9679pt x 254.78487pt.

LaTeX Warning: `h' float specifier changed to `ht'.

<assets/img/experiment-11/output-06-message-exchange-02.png, id=198, 1927.2pt x
 1084.05pt>
File: assets/img/experiment-11/output-06-message-exchange-02.png Graphic file (
type png)
<use assets/img/experiment-11/output-06-message-exchange-02.png>
Package pdftex.def Info: assets/img/experiment-11/output-06-message-exchange-02
.png  used on input line 46.
(pdftex.def)             Requested size: 452.9679pt x 254.78487pt.

LaTeX Warning: `h' float specifier changed to `ht'.


Package fancyhdr Warning: \headheight is too small (12.0pt): 
(fancyhdr)                Make it at least 14.49998pt, for example:
(fancyhdr)                \setlength{\headheight}{14.49998pt}.
(fancyhdr)                You might also make \topmargin smaller to compensate:

(fancyhdr)                \addtolength{\topmargin}{-2.49998pt}.

[42



 <./assets/img/experiment-11/output-01-certificate-for-server.png>])

Package fancyhdr Warning: \headheight is too small (12.0pt): 
(fancyhdr)                Make it at least 14.49998pt, for example:
(fancyhdr)                \setlength{\headheight}{14.49998pt}.
(fancyhdr)                You might also make \topmargin smaller to compensate:

(fancyhdr)                \addtolength{\topmargin}{-2.49998pt}.

[43 <./assets/img/experiment-11/output-02-running-tls-server.png> <./assets/img
/experiment-11/output-03-connecting-through-client.png>]

Package fancyhdr Warning: \headheight is too small (12.0pt): 
(fancyhdr)                Make it at least 14.49998pt, for example:
(fancyhdr)                \setlength{\headheight}{14.49998pt}.
(fancyhdr)                You might also make \topmargin smaller to compensate:

(fancyhdr)                \addtolength{\topmargin}{-2.49998pt}.

[44 <./assets/img/experiment-11/output-04-session-ticket.png> <./assets/img/exp
eriment-11/output-05-message-exchange-01.png>]

Package fancyhdr Warning: \headheight is too small (12.0pt): 
(fancyhdr)                Make it at least 14.49998pt, for example:
(fancyhdr)                \setlength{\headheight}{14.49998pt}.
(fancyhdr)                You might also make \topmargin smaller to compensate:

(fancyhdr)                \addtolength{\topmargin}{-2.49998pt}.

[45 <./assets/img/experiment-11/output-06-message-exchange-02.png>]
\openout2 = `assets/experiment/experiment-12.aux'.


(./assets/experiment/experiment-12.tex
<assets/img/experiment-12/output-01-alice-key-gen.png, id=218, 1927.2pt x 1084.
05pt>
File: assets/img/experiment-12/output-01-alice-key-gen.png Graphic file (type p
ng)
<use assets/img/experiment-12/output-01-alice-key-gen.png>
Package pdftex.def Info: assets/img/experiment-12/output-01-alice-key-gen.png  
used on input line 11.
(pdftex.def)             Requested size: 452.9679pt x 254.78487pt.
<assets/img/experiment-12/output-02-bob-key-gen.png, id=219, 1927.2pt x 1084.05
pt>
File: assets/img/experiment-12/output-02-bob-key-gen.png Graphic file (type png
)
<use assets/img/experiment-12/output-02-bob-key-gen.png>
Package pdftex.def Info: assets/img/experiment-12/output-02-bob-key-gen.png  us
ed on input line 18.
(pdftex.def)             Requested size: 452.9679pt x 254.78487pt.


LaTeX Warning: `h' float specifier changed to `ht'.

<assets/img/experiment-12/output-03-alice-exports-public-key.png, id=220, 1927.
2pt x 1084.05pt>
File: assets/img/experiment-12/output-03-alice-exports-public-key.png Graphic f
ile (type png)
<use assets/img/experiment-12/output-03-alice-exports-public-key.png>
Package pdftex.def Info: assets/img/experiment-12/output-03-alice-exports-publi
c-key.png  used on input line 25.
(pdftex.def)             Requested size: 452.9679pt x 254.78487pt.

LaTeX Warning: `h' float specifier changed to `ht'.

<assets/img/experiment-12/output-04-bob-imports-alice-key.png, id=221, 1927.2pt
 x 1084.05pt>
File: assets/img/experiment-12/output-04-bob-imports-alice-key.png Graphic file
 (type png)
<use assets/img/experiment-12/output-04-bob-imports-alice-key.png>
Package pdftex.def Info: assets/img/experiment-12/output-04-bob-imports-alice-k
ey.png  used on input line 32.
(pdftex.def)             Requested size: 452.9679pt x 254.78487pt.

LaTeX Warning: `h' float specifier changed to `ht'.

<assets/img/experiment-12/output-05-bob-exports-public-key.png, id=222, 1927.2p
t x 1084.05pt>
File: assets/img/experiment-12/output-05-bob-exports-public-key.png Graphic fil
e (type png)
<use assets/img/experiment-12/output-05-bob-exports-public-key.png>
Package pdftex.def Info: assets/img/experiment-12/output-05-bob-exports-public-
key.png  used on input line 39.
(pdftex.def)             Requested size: 452.9679pt x 254.78487pt.

LaTeX Warning: `h' float specifier changed to `ht'.

<assets/img/experiment-12/output-06-alice-imports-bob-key.png, id=223, 1927.2pt
 x 1084.05pt>
File: assets/img/experiment-12/output-06-alice-imports-bob-key.png Graphic file
 (type png)
<use assets/img/experiment-12/output-06-alice-imports-bob-key.png>
Package pdftex.def Info: assets/img/experiment-12/output-06-alice-imports-bob-k
ey.png  used on input line 46.
(pdftex.def)             Requested size: 452.9679pt x 254.78487pt.

LaTeX Warning: `h' float specifier changed to `ht'.

<assets/img/experiment-12/output-07-alice-encrypts-message.png, id=224, 1927.2p
t x 1084.05pt>
File: assets/img/experiment-12/output-07-alice-encrypts-message.png Graphic fil
e (type png)
<use assets/img/experiment-12/output-07-alice-encrypts-message.png>
Package pdftex.def Info: assets/img/experiment-12/output-07-alice-encrypts-mess
age.png  used on input line 53.
(pdftex.def)             Requested size: 452.9679pt x 254.78487pt.

LaTeX Warning: `h' float specifier changed to `ht'.

<assets/img/experiment-12/output-08-bob-decrypts-message.png, id=225, 1927.2pt 
x 1084.05pt>
File: assets/img/experiment-12/output-08-bob-decrypts-message.png Graphic file 
(type png)
<use assets/img/experiment-12/output-08-bob-decrypts-message.png>
Package pdftex.def Info: assets/img/experiment-12/output-08-bob-decrypts-messag
e.png  used on input line 60.
(pdftex.def)             Requested size: 452.9679pt x 254.78487pt.

LaTeX Warning: `h' float specifier changed to `ht'.

<assets/img/experiment-12/output-09-alice-signs-message.png, id=226, 1927.2pt x
 1084.05pt>
File: assets/img/experiment-12/output-09-alice-signs-message.png Graphic file (
type png)
<use assets/img/experiment-12/output-09-alice-signs-message.png>
Package pdftex.def Info: assets/img/experiment-12/output-09-alice-signs-message
.png  used on input line 67.
(pdftex.def)             Requested size: 452.9679pt x 254.78487pt.

LaTeX Warning: `h' float specifier changed to `ht'.

<assets/img/experiment-12/output-10-bob-verifys-sign.png, id=227, 1927.2pt x 10
84.05pt>
File: assets/img/experiment-12/output-10-bob-verifys-sign.png Graphic file (typ
e png)
<use assets/img/experiment-12/output-10-bob-verifys-sign.png>
Package pdftex.def Info: assets/img/experiment-12/output-10-bob-verifys-sign.pn
g  used on input line 74.
(pdftex.def)             Requested size: 452.9679pt x 254.78487pt.

LaTeX Warning: `h' float specifier changed to `ht'.

<assets/img/experiment-12/output-11-alice-encrypts-and-sign.png, id=228, 1927.2
pt x 1084.05pt>
File: assets/img/experiment-12/output-11-alice-encrypts-and-sign.png Graphic fi
le (type png)
<use assets/img/experiment-12/output-11-alice-encrypts-and-sign.png>
Package pdftex.def Info: assets/img/experiment-12/output-11-alice-encrypts-and-
sign.png  used on input line 81.
(pdftex.def)             Requested size: 452.9679pt x 254.78487pt.

LaTeX Warning: `h' float specifier changed to `ht'.

<assets/img/experiment-12/output-12-bob-decrypts-and-verify.png, id=229, 1927.2
pt x 1084.05pt>
File: assets/img/experiment-12/output-12-bob-decrypts-and-verify.png Graphic fi
le (type png)
<use assets/img/experiment-12/output-12-bob-decrypts-and-verify.png>
Package pdftex.def Info: assets/img/experiment-12/output-12-bob-decrypts-and-ve
rify.png  used on input line 88.
(pdftex.def)             Requested size: 452.9679pt x 254.78487pt.

LaTeX Warning: `h' float specifier changed to `ht'.


Package fancyhdr Warning: \headheight is too small (12.0pt): 
(fancyhdr)                Make it at least 14.49998pt, for example:
(fancyhdr)                \setlength{\headheight}{14.49998pt}.
(fancyhdr)                You might also make \topmargin smaller to compensate:

(fancyhdr)                \addtolength{\topmargin}{-2.49998pt}.

[46



 <./assets/img/experiment-12/output-01-alice-key-gen.png>])

Package fancyhdr Warning: \headheight is too small (12.0pt): 
(fancyhdr)                Make it at least 14.49998pt, for example:
(fancyhdr)                \setlength{\headheight}{14.49998pt}.
(fancyhdr)                You might also make \topmargin smaller to compensate:

(fancyhdr)                \addtolength{\topmargin}{-2.49998pt}.

[47 <./assets/img/experiment-12/output-02-bob-key-gen.png> <./assets/img/experi
ment-12/output-03-alice-exports-public-key.png>]

Package fancyhdr Warning: \headheight is too small (12.0pt): 
(fancyhdr)                Make it at least 14.49998pt, for example:
(fancyhdr)                \setlength{\headheight}{14.49998pt}.
(fancyhdr)                You might also make \topmargin smaller to compensate:

(fancyhdr)                \addtolength{\topmargin}{-2.49998pt}.

[48 <./assets/img/experiment-12/output-04-bob-imports-alice-key.png> <./assets/
img/experiment-12/output-05-bob-exports-public-key.png>]

Package fancyhdr Warning: \headheight is too small (12.0pt): 
(fancyhdr)                Make it at least 14.49998pt, for example:
(fancyhdr)                \setlength{\headheight}{14.49998pt}.
(fancyhdr)                You might also make \topmargin smaller to compensate:

(fancyhdr)                \addtolength{\topmargin}{-2.49998pt}.

[49 <./assets/img/experiment-12/output-06-alice-imports-bob-key.png> <./assets/
img/experiment-12/output-07-alice-encrypts-message.png>]

Package fancyhdr Warning: \headheight is too small (12.0pt): 
(fancyhdr)                Make it at least 14.49998pt, for example:
(fancyhdr)                \setlength{\headheight}{14.49998pt}.
(fancyhdr)                You might also make \topmargin smaller to compensate:

(fancyhdr)                \addtolength{\topmargin}{-2.49998pt}.

[50 <./assets/img/experiment-12/output-08-bob-decrypts-message.png> <./assets/i
mg/experiment-12/output-09-alice-signs-message.png>]

Package fancyhdr Warning: \headheight is too small (12.0pt): 
(fancyhdr)                Make it at least 14.49998pt, for example:
(fancyhdr)                \setlength{\headheight}{14.49998pt}.
(fancyhdr)                You might also make \topmargin smaller to compensate:

(fancyhdr)                \addtolength{\topmargin}{-2.49998pt}.

[51 <./assets/img/experiment-12/output-10-bob-verifys-sign.png> <./assets/img/e
xperiment-12/output-11-alice-encrypts-and-sign.png>]

Package fancyhdr Warning: \headheight is too small (12.0pt): 
(fancyhdr)                Make it at least 14.49998pt, for example:
(fancyhdr)                \setlength{\headheight}{14.49998pt}.
(fancyhdr)                You might also make \topmargin smaller to compensate:

(fancyhdr)                \addtolength{\topmargin}{-2.49998pt}.

[52 <./assets/img/experiment-12/output-12-bob-decrypts-and-verify.png>]
\openout2 = `assets/experiment/experiment-13.aux'.


(./assets/experiment/experiment-13.tex
<assets/img/experiment-13/output-01-running-uniscan.png, id=265, 1445.4pt x 727
.21687pt>
File: assets/img/experiment-13/output-01-running-uniscan.png Graphic file (type
 png)
<use assets/img/experiment-13/output-01-running-uniscan.png>
Package pdftex.def Info: assets/img/experiment-13/output-01-running-uniscan.png
  used on input line 11.
(pdftex.def)             Requested size: 452.9679pt x 227.8983pt.
<assets/img/experiment-13/output-02-uniscan-output.png, id=266, 1445.4pt x 727.
21687pt>
File: assets/img/experiment-13/output-02-uniscan-output.png Graphic file (type 
png)
<use assets/img/experiment-13/output-02-uniscan-output.png>
Package pdftex.def Info: assets/img/experiment-13/output-02-uniscan-output.png 
 used on input line 18.
(pdftex.def)             Requested size: 452.9679pt x 227.8983pt.
<assets/img/experiment-13/output-03-nikto.png, id=267, 1445.4pt x 727.21687pt>
File: assets/img/experiment-13/output-03-nikto.png Graphic file (type png)
<use assets/img/experiment-13/output-03-nikto.png>
Package pdftex.def Info: assets/img/experiment-13/output-03-nikto.png  used on 
input line 25.
(pdftex.def)             Requested size: 452.9679pt x 227.8983pt.


LaTeX Warning: `h' float specifier changed to `ht'.


Package fancyhdr Warning: \headheight is too small (12.0pt): 
(fancyhdr)                Make it at least 14.49998pt, for example:
(fancyhdr)                \setlength{\headheight}{14.49998pt}.
(fancyhdr)                You might also make \topmargin smaller to compensate:

(fancyhdr)                \addtolength{\topmargin}{-2.49998pt}.

[53



 <./assets/img/experiment-13/output-01-running-uniscan.png (PNG copy)> <./asset
s/img/experiment-13/output-02-uniscan-output.png (PNG copy)>])

Package fancyhdr Warning: \headheight is too small (12.0pt): 
(fancyhdr)                Make it at least 14.49998pt, for example:
(fancyhdr)                \setlength{\headheight}{14.49998pt}.
(fancyhdr)                You might also make \topmargin smaller to compensate:

(fancyhdr)                \addtolength{\topmargin}{-2.49998pt}.

[54 <./assets/img/experiment-13/output-03-nikto.png (PNG copy)>]
\openout2 = `assets/experiment/experiment-14.aux'.


(./assets/experiment/experiment-14.tex
<assets/img/experiment-14/output-01-sniffing-mode-01.png, id=275, 1927.2pt x 10
84.05pt>
File: assets/img/experiment-14/output-01-sniffing-mode-01.png Graphic file (typ
e png)
<use assets/img/experiment-14/output-01-sniffing-mode-01.png>
Package pdftex.def Info: assets/img/experiment-14/output-01-sniffing-mode-01.pn
g  used on input line 11.
(pdftex.def)             Requested size: 452.9679pt x 254.78487pt.
<assets/img/experiment-14/output-02-sniffing-mode-02.png, id=276, 1927.2pt x 10
84.05pt>
File: assets/img/experiment-14/output-02-sniffing-mode-02.png Graphic file (typ
e png)
<use assets/img/experiment-14/output-02-sniffing-mode-02.png>
Package pdftex.def Info: assets/img/experiment-14/output-02-sniffing-mode-02.pn
g  used on input line 18.
(pdftex.def)             Requested size: 452.9679pt x 254.78487pt.


LaTeX Warning: `h' float specifier changed to `ht'.

<assets/img/experiment-14/output-03-sniffing-mode-03.png, id=277, 1927.2pt x 10
84.05pt>
File: assets/img/experiment-14/output-03-sniffing-mode-03.png Graphic file (typ
e png)
<use assets/img/experiment-14/output-03-sniffing-mode-03.png>
Package pdftex.def Info: assets/img/experiment-14/output-03-sniffing-mode-03.pn
g  used on input line 25.
(pdftex.def)             Requested size: 452.9679pt x 254.78487pt.

LaTeX Warning: `h' float specifier changed to `ht'.

<assets/img/experiment-14/output-04-ids-rule.png, id=278, 1927.2pt x 1084.05pt>

File: assets/img/experiment-14/output-04-ids-rule.png Graphic file (type png)
<use assets/img/experiment-14/output-04-ids-rule.png>
Package pdftex.def Info: assets/img/experiment-14/output-04-ids-rule.png  used 
on input line 32.
(pdftex.def)             Requested size: 452.9679pt x 254.78487pt.

LaTeX Warning: `h' float specifier changed to `ht'.

<assets/img/experiment-14/output-05-ids-mode.png, id=279, 1927.2pt x 1084.05pt>

File: assets/img/experiment-14/output-05-ids-mode.png Graphic file (type png)
<use assets/img/experiment-14/output-05-ids-mode.png>
Package pdftex.def Info: assets/img/experiment-14/output-05-ids-mode.png  used 
on input line 39.
(pdftex.def)             Requested size: 452.9679pt x 254.78487pt.

LaTeX Warning: `h' float specifier changed to `ht'.

<assets/img/experiment-14/output-06-ping-request.png, id=280, 1927.2pt x 1084.0
5pt>
File: assets/img/experiment-14/output-06-ping-request.png Graphic file (type pn
g)
<use assets/img/experiment-14/output-06-ping-request.png>
Package pdftex.def Info: assets/img/experiment-14/output-06-ping-request.png  u
sed on input line 46.
(pdftex.def)             Requested size: 452.9679pt x 254.78487pt.

LaTeX Warning: `h' float specifier changed to `ht'.

<assets/img/experiment-14/output-07-ids-result.png, id=281, 1927.2pt x 1084.05p
t>
File: assets/img/experiment-14/output-07-ids-result.png Graphic file (type png)

<use assets/img/experiment-14/output-07-ids-result.png>
Package pdftex.def Info: assets/img/experiment-14/output-07-ids-result.png  use
d on input line 53.
(pdftex.def)             Requested size: 452.9679pt x 254.78487pt.

LaTeX Warning: `h' float specifier changed to `ht'.


Package fancyhdr Warning: \headheight is too small (12.0pt): 
(fancyhdr)                Make it at least 14.49998pt, for example:
(fancyhdr)                \setlength{\headheight}{14.49998pt}.
(fancyhdr)                You might also make \topmargin smaller to compensate:

(fancyhdr)                \addtolength{\topmargin}{-2.49998pt}.

[55



 <./assets/img/experiment-14/output-01-sniffing-mode-01.png>])

Package fancyhdr Warning: \headheight is too small (12.0pt): 
(fancyhdr)                Make it at least 14.49998pt, for example:
(fancyhdr)                \setlength{\headheight}{14.49998pt}.
(fancyhdr)                You might also make \topmargin smaller to compensate:

(fancyhdr)                \addtolength{\topmargin}{-2.49998pt}.

[56 <./assets/img/experiment-14/output-02-sniffing-mode-02.png> <./assets/img/e
xperiment-14/output-03-sniffing-mode-03.png>]

Package fancyhdr Warning: \headheight is too small (12.0pt): 
(fancyhdr)                Make it at least 14.49998pt, for example:
(fancyhdr)                \setlength{\headheight}{14.49998pt}.
(fancyhdr)                You might also make \topmargin smaller to compensate:

(fancyhdr)                \addtolength{\topmargin}{-2.49998pt}.

[57 <./assets/img/experiment-14/output-04-ids-rule.png> <./assets/img/experimen
t-14/output-05-ids-mode.png>]

Package fancyhdr Warning: \headheight is too small (12.0pt): 
(fancyhdr)                Make it at least 14.49998pt, for example:
(fancyhdr)                \setlength{\headheight}{14.49998pt}.
(fancyhdr)                You might also make \topmargin smaller to compensate:

(fancyhdr)                \addtolength{\topmargin}{-2.49998pt}.

[58 <./assets/img/experiment-14/output-06-ping-request.png> <./assets/img/exper
iment-14/output-07-ids-result.png>] (./main.aux
(./assets/experiment/experiment-01.aux) (./assets/experiment/experiment-02.aux)
(./assets/experiment/experiment-03.aux) (./assets/experiment/experiment-04.aux)
(./assets/experiment/experiment-05.aux) (./assets/experiment/experiment-06.aux)
(./assets/experiment/experiment-07.aux) (./assets/experiment/experiment-08.aux)
(./assets/experiment/experiment-09.aux) (./assets/experiment/experiment-10.aux)
(./assets/experiment/experiment-11.aux) (./assets/experiment/experiment-12.aux)
(./assets/experiment/experiment-13.aux) (./assets/experiment/experiment-14.aux)
)
 ***********
LaTeX2e <2023-11-01> patch level 1
L3 programming layer <2024-01-22>
 ***********


LaTeX Warning: There were multiply-defined labels.

 ) 
Here is how much of TeX's memory you used:
 6978 strings out of 474222
 137329 string characters out of 5748734
 2263975 words of memory out of 5000000
 29125 multiletter control sequences out of 15000+600000
 561911 words of font info for 50 fonts, out of 8000000 for 9000
 1141 hyphenation exceptions out of 8191
 57i,12n,65p,521b,1893s stack positions out of 10000i,1000n,20000p,200000b,200000s
</usr/share/texlive/texmf-dist/fonts/type1/public/amsfonts/cm/cmbx12.pfb></us
r/share/texlive/texmf-dist/fonts/type1/public/amsfonts/cm/cmitt10.pfb></usr/sha
re/texlive/texmf-dist/fonts/type1/public/amsfonts/cm/cmr12.pfb></usr/share/texl
ive/texmf-dist/fonts/type1/public/amsfonts/cm/cmtt10.pfb>
Output written on main.pdf (59 pages, 14805859 bytes).
PDF statistics:
 322 PDF objects out of 1000 (max. 8388607)
 146 compressed objects within 2 object streams
 0 named destinations out of 1000 (max. 500000)
 291 words of extra memory for PDF output out of 10000 (max. 10000000)

